<?xml version="1.0" encoding="UTF-8"?>
<!-- Generated by org.testng.reporters.JUnitXMLReporter -->
<testsuite ignored="0" hostname="MCSW63ZLPC0540" failures="1" tests="10" name="Test" time="352.691" errors="0" timestamp="2025-02-16T19:48:09 IST">
  <testcase classname="com.testscript.TC_01_AddingProductToCart" name="TestCase01_AddingProductToCart" time="20.167">
    <failure type="org.openqa.selenium.StaleElementReferenceException" message="stale element reference: stale element not found in the current frame
  (Session info: MicrosoftEdge=133.0.3065.59)
For documentation on this error, please visit: https://www.selenium.dev/documentation/webdriver/troubleshooting/errors#stale-element-reference-exception
Build info: version: &amp;apos;4.27.0&amp;apos;, revision: &amp;apos;d6e718d134&amp;apos;
System info: os.name: &amp;apos;Windows 11&amp;apos;, os.arch: &amp;apos;amd64&amp;apos;, os.version: &amp;apos;10.0&amp;apos;, java.version: &amp;apos;21.0.3&amp;apos;
Driver info: org.openqa.selenium.edge.EdgeDriver
Command: [d3c69556152dc2cf2e6984623bc097a1, clickElement {id=f.37E9DC62BA7E0B21E6B583F5025419F3.d.EC0D41C5C1093A328FC308CFEDC44B84.e.390}]
Capabilities {acceptInsecureCerts: false, browserName: MicrosoftEdge, browserVersion: 133.0.3065.59, fedcm:accounts: true, ms:edgeOptions: {debuggerAddress: localhost:59334}, msedge: {msedgedriverVersion: 133.0.3065.69 (c3f010c11f3e..., userDataDir: C:\Users\aa114102\AppData\L...}, networkConnectionEnabled: false, pageLoadStrategy: normal, platformName: windows, proxy: Proxy(), se:cdp: ws://localhost:59334/devtoo..., se:cdpVersion: 133.0.3065.59, setWindowRect: true, strictFileInteractability: false, timeouts: {implicit: 0, pageLoad: 300000, script: 30000}, unhandledPromptBehavior: dismiss and notify, webauthn:extension:credBlob: true, webauthn:extension:largeBlob: true, webauthn:extension:minPinLength: true, webauthn:extension:prf: true, webauthn:virtualAuthenticators: true}
Element: [[EdgeDriver: MicrosoftEdge on windows (d3c69556152dc2cf2e6984623bc097a1)] -&amp;gt; xpath: (//a[contains(text(),&amp;apos;Bed Comforter for AC Room&amp;apos;)])[2]]
Session ID: d3c69556152dc2cf2e6984623bc097a1">
      <![CDATA[org.openqa.selenium.StaleElementReferenceException: stale element reference: stale element not found in the current frame
  (Session info: MicrosoftEdge=133.0.3065.59)
For documentation on this error, please visit: https://www.selenium.dev/documentation/webdriver/troubleshooting/errors#stale-element-reference-exception
Build info: version: '4.27.0', revision: 'd6e718d134'
System info: os.name: 'Windows 11', os.arch: 'amd64', os.version: '10.0', java.version: '21.0.3'
Driver info: org.openqa.selenium.edge.EdgeDriver
Command: [d3c69556152dc2cf2e6984623bc097a1, clickElement {id=f.37E9DC62BA7E0B21E6B583F5025419F3.d.EC0D41C5C1093A328FC308CFEDC44B84.e.390}]
Capabilities {acceptInsecureCerts: false, browserName: MicrosoftEdge, browserVersion: 133.0.3065.59, fedcm:accounts: true, ms:edgeOptions: {debuggerAddress: localhost:59334}, msedge: {msedgedriverVersion: 133.0.3065.69 (c3f010c11f3e..., userDataDir: C:\Users\aa114102\AppData\L...}, networkConnectionEnabled: false, pageLoadStrategy: normal, platformName: windows, proxy: Proxy(), se:cdp: ws://localhost:59334/devtoo..., se:cdpVersion: 133.0.3065.59, setWindowRect: true, strictFileInteractability: false, timeouts: {implicit: 0, pageLoad: 300000, script: 30000}, unhandledPromptBehavior: dismiss and notify, webauthn:extension:credBlob: true, webauthn:extension:largeBlob: true, webauthn:extension:minPinLength: true, webauthn:extension:prf: true, webauthn:virtualAuthenticators: true}
Element: [[EdgeDriver: MicrosoftEdge on windows (d3c69556152dc2cf2e6984623bc097a1)] -> xpath: (//a[contains(text(),'Bed Comforter for AC Room')])[2]]
Session ID: d3c69556152dc2cf2e6984623bc097a1
at org.openqa.selenium.remote.ErrorCodec.decode(ErrorCodec.java:167)
at org.openqa.selenium.remote.codec.w3c.W3CHttpResponseCodec.decode(W3CHttpResponseCodec.java:138)
at org.openqa.selenium.remote.codec.w3c.W3CHttpResponseCodec.decode(W3CHttpResponseCodec.java:50)
at org.openqa.selenium.remote.HttpCommandExecutor.execute(HttpCommandExecutor.java:190)
at org.openqa.selenium.remote.service.DriverCommandExecutor.invokeExecute(DriverCommandExecutor.java:216)
at org.openqa.selenium.remote.service.DriverCommandExecutor.execute(DriverCommandExecutor.java:174)
at org.openqa.selenium.remote.RemoteWebDriver.execute(RemoteWebDriver.java:545)
at org.openqa.selenium.remote.RemoteWebElement.execute(RemoteWebElement.java:223)
at org.openqa.selenium.remote.RemoteWebElement.click(RemoteWebElement.java:76)
at com.pom.AcComforterPage.selectTheProduct(AcComforterPage.java:164)
at com.testscript.TC_01_AddingProductToCart.TestCase01_AddingProductToCart(TC_01_AddingProductToCart.java:149)
at java.base/java.util.ArrayList.forEach(ArrayList.java:1596)
... Removed 28 stack frames]]>
    </failure>
  </testcase> <!-- TestCase01_AddingProductToCart -->
  <testcase classname="com.testscript.TC_02_HandTowelProductAdding" name="TestCase02_HandTowelProductAdding" time="17.844"/>
  <testcase classname="com.testscript.TC_03_VerifyPincode" name="TestCase03_VerifyPincode" time="15.271"/>
  <testcase classname="com.testscript.TC_04_InitiateCheckout" name="TestCase04_InitiateCheckout" time="19.971"/>
  <testcase classname="com.testscript.TC_05_ManufacturerAddress" name="TestCase05_ManufactureAddress" time="20.273"/>
  <testcase classname="com.testscript.TC_06_AddingAddress" name="TestCase06_Adding_Address" time="15.006"/>
  <testcase classname="com.testscript.TC_07_DeletingAddress" name="TestCase07_DeletingAddress" time="15.255"/>
  <testcase classname="com.testscript.TC_08_ResetFilterAddToWishlist" name="TestCase08_ResetFilterAddToWishlist" time="12.435"/>
  <testcase classname="com.testscript.TC_09_AddToWhishLlistAndCart" name="TestCase09_AddToWhishLlistAndCart" time="18.722"/>
  <testcase classname="com.testscript.TC_10_ProductVerification" name="TestCase10_ProductVerification" time="34.268"/>
</testsuite> <!-- Test -->
